
The double precision Abaqus/Package executable will be used in this analysis.

Abaqus/Explicit 2020                             DATE 01-Aug-2021  TIME 14:56:35
-------------------------------------------------------------------------------
 PREPROCESSOR WARNING MESSAGES
-------------------------------------------------------------------------------


***WARNING: There are 3 warning messages in the data (.dat) file.  Please
            check the data file for possible errors in the input file.


-------------------------------------------------------------------------------
 MODEL INFORMATION (IN GLOBAL X-Y COORDINATES)
-------------------------------------------------------------------------------

   Total mass in model = 3.08269E-06
   Center of mass of model = ( 1.010836E+01, 1.010836E+01)

   Moments of Inertia :
                 About Center of Mass              About Origin
      I(XX)          1.018744E-04                  4.168602E-04
      I(YY)          1.018734E-04                  4.168592E-04
      I(XY)          2.990981E-06                 -3.119948E-04
      I(ZZ)          2.037478E-04                  8.337194E-04

-------------------------------------------------------------------------------
 STABLE TIME INCREMENT INFORMATION
-------------------------------------------------------------------------------


  The stable time increment estimate for each element is based on
  linearization about the initial state.


   Initial time increment = 1.06924E-07

   Statistics for all elements:
      Mean = 1.82383E-07
      Standard deviation = 3.30918E-08

   Most critical elements:
    Element number   Rank    Time increment   Increment ratio
    (Instance name)
   ----------------------------------------------------------
         105          1       1.069239E-07      1.000000E+00
    QUARTER_PLATE-1
         176          2       1.086077E-07      9.844965E-01
    QUARTER_PLATE-1
          42          3       1.120791E-07      9.540038E-01
    QUARTER_PLATE-1
         221          4       1.133397E-07      9.433928E-01
    QUARTER_PLATE-1
          46          5       1.138467E-07      9.391915E-01
    QUARTER_PLATE-1
         232          6       1.147339E-07      9.319295E-01
    QUARTER_PLATE-1
         145          7       1.161429E-07      9.206239E-01
    QUARTER_PLATE-1
         202          8       1.177848E-07      9.077901E-01
    QUARTER_PLATE-1
         233          9       1.194094E-07      8.954398E-01
    QUARTER_PLATE-1
           3         10       1.195542E-07      8.943551E-01
    QUARTER_PLATE-1


  Instance name for the most critical element will be printed if the critical
  element changes or at the beginning of a new page.



Abaqus/Explicit 2020                             DATE 01-Aug-2021  TIME 14:56:38

The double precision Abaqus/Explicit executable will be used in this analysis.


-------------------------------------------------------------------------------
 SOLUTION PROGRESS
-------------------------------------------------------------------------------

 STEP 1  ORIGIN 0.0000

  Total memory used for step 1 is approximately 815.5 kilobytes.
  Global time estimation algorithm will be used.
  Scaling factor:  1.0000
  Variable mass scaling factor at zero increment: 1.0000
              STEP     TOTAL       CPU      STABLE    CRITICAL    KINETIC      TOTAL
INCREMENT     TIME      TIME      TIME   INCREMENT     ELEMENT     ENERGY     ENERGY
        0  0.000E+00 0.000E+00  00:00:00 1.069E-07         105  3.691E-06  3.691E-06
INSTANCE WITH CRITICAL ELEMENT: QUARTER_PLATE-1
ODB Field Frame Number      0 of     20 requested intervals at increment zero.
ODB Field Frame Number      1 of    101 requested time points at increment zero

***WARNING: THE ANALYSIS NEEDS AN EXTREMELY LARGE NUMBER OF INCREMENTS (MORE
            THAN 2,000,000). CHECK THE PROPERTIES OF THE MOST CRITICAL
            ELEMENTS AND THE DATA FILE FOR WARNING MESSAGES.

   345002  5.000E-02 5.000E-02  00:00:18 1.449E-07         105  4.156E-05  2.706E-06
INSTANCE WITH CRITICAL ELEMENT: QUARTER_PLATE-1
ODB Field Frame Number      2 of    101 requested time points at  5.000009E-02
   690001  1.000E-01 1.000E-01  00:00:37 1.449E-07         105  4.160E-05  2.417E-06
INSTANCE WITH CRITICAL ELEMENT: QUARTER_PLATE-1
ODB Field Frame Number      1 of     20 requested intervals at  1.000001E-01
ODB Field Frame Number      3 of    101 requested time points at  1.000001E-01
  1034999  1.500E-01 1.500E-01  00:00:56 1.449E-07         105  4.151E-05  2.114E-06
INSTANCE WITH CRITICAL ELEMENT: QUARTER_PLATE-1
ODB Field Frame Number      4 of    101 requested time points at  1.500000E-01
  1379998  2.000E-01 2.000E-01  00:01:15 1.449E-07         105  4.134E-05  1.796E-06
INSTANCE WITH CRITICAL ELEMENT: QUARTER_PLATE-1
ODB Field Frame Number      2 of     20 requested intervals at  2.000001E-01
ODB Field Frame Number      5 of    101 requested time points at  2.000001E-01
  1725396  2.500E-01 2.500E-01  00:01:34 1.446E-07         105  4.114E-05  1.584E-06
INSTANCE WITH CRITICAL ELEMENT: QUARTER_PLATE-1
ODB Field Frame Number      6 of    101 requested time points at  2.500000E-01
  2070601  3.000E-01 3.000E-01  00:01:53 1.449E-07         105  4.095E-05  1.234E-06
INSTANCE WITH CRITICAL ELEMENT: QUARTER_PLATE-1
ODB Field Frame Number      3 of     20 requested intervals at  3.000000E-01
ODB Field Frame Number      7 of    101 requested time points at  3.000000E-01
  2415600  3.500E-01 3.500E-01  00:02:12 1.449E-07         105  4.078E-05  8.689E-07
INSTANCE WITH CRITICAL ELEMENT: QUARTER_PLATE-1
ODB Field Frame Number      8 of    101 requested time points at  3.500001E-01
  2760599  4.000E-01 4.000E-01  00:02:31 1.449E-07         105  4.062E-05  4.927E-07
INSTANCE WITH CRITICAL ELEMENT: QUARTER_PLATE-1
ODB Field Frame Number      4 of     20 requested intervals at  4.000001E-01
ODB Field Frame Number      9 of    101 requested time points at  4.000001E-01
  3105598  4.500E-01 4.500E-01  00:02:51 1.449E-07         105  4.020E-05  8.888E-08
INSTANCE WITH CRITICAL ELEMENT: QUARTER_PLATE-1
ODB Field Frame Number     10 of    101 requested time points at  4.500001E-01
  3450599  5.000E-01 5.000E-01  00:03:10 1.449E-07         105  4.039E-05 -3.056E-07
INSTANCE WITH CRITICAL ELEMENT: QUARTER_PLATE-1
ODB Field Frame Number      5 of     20 requested intervals at  5.000000E-01
ODB Field Frame Number     11 of    101 requested time points at  5.000000E-01
  3797688  5.500E-01 5.500E-01  00:03:29 1.431E-07         202  4.024E-05 -7.041E-07
INSTANCE WITH CRITICAL ELEMENT: QUARTER_PLATE-1
ODB Field Frame Number     12 of    101 requested time points at  5.500000E-01
  4149517  6.000E-01 6.000E-01  00:03:48 1.412E-07         202  4.015E-05 -1.107E-06
INSTANCE WITH CRITICAL ELEMENT: QUARTER_PLATE-1
ODB Field Frame Number      6 of     20 requested intervals at  6.000001E-01
ODB Field Frame Number     13 of    101 requested time points at  6.000001E-01
  4506141  6.500E-01 6.500E-01  00:04:08 1.393E-07         202  4.009E-05 -1.531E-06
INSTANCE WITH CRITICAL ELEMENT: QUARTER_PLATE-1
ODB Field Frame Number     14 of    101 requested time points at  6.500001E-01
  4867601  7.000E-01 7.000E-01  00:04:28 1.374E-07         202  3.522E-05 -1.496E-06
INSTANCE WITH CRITICAL ELEMENT: QUARTER_PLATE-1
ODB Field Frame Number      7 of     20 requested intervals at  7.000001E-01
ODB Field Frame Number     15 of    101 requested time points at  7.000001E-01
  5233933  7.500E-01 7.500E-01  00:04:49 1.356E-07         202  4.002E-05 -1.886E-06
INSTANCE WITH CRITICAL ELEMENT: QUARTER_PLATE-1
ODB Field Frame Number     16 of    101 requested time points at  7.500001E-01
  5605182  8.000E-01 8.000E-01  00:05:09 1.338E-07         202  4.001E-05 -2.285E-06
INSTANCE WITH CRITICAL ELEMENT: QUARTER_PLATE-1
ODB Field Frame Number      8 of     20 requested intervals at  8.000001E-01
ODB Field Frame Number     17 of    101 requested time points at  8.000001E-01
  5981390  8.500E-01 8.500E-01  00:05:30 1.320E-07         202  4.028E-05 -2.666E-06
INSTANCE WITH CRITICAL ELEMENT: QUARTER_PLATE-1
ODB Field Frame Number     18 of    101 requested time points at  8.500001E-01
  6362598  9.000E-01 9.000E-01  00:05:51 1.303E-07         202  4.008E-05 -3.050E-06
INSTANCE WITH CRITICAL ELEMENT: QUARTER_PLATE-1
ODB Field Frame Number      9 of     20 requested intervals at  9.000001E-01
ODB Field Frame Number     19 of    101 requested time points at  9.000001E-01
  6748850  9.500E-01 9.500E-01  00:06:13 1.286E-07         202  4.015E-05 -3.447E-06
INSTANCE WITH CRITICAL ELEMENT: QUARTER_PLATE-1
ODB Field Frame Number     20 of    101 requested time points at  9.500001E-01
  7140193  1.000E+00 1.000E+00  00:06:34 1.269E-07         202  4.025E-05 -3.839E-06
INSTANCE WITH CRITICAL ELEMENT: QUARTER_PLATE-1
ODB Field Frame Number     10 of     20 requested intervals at  1.000000E+00
ODB Field Frame Number     21 of    101 requested time points at  1.000000E+00
  7536679  1.050E+00 1.050E+00  00:06:56 1.253E-07         202  4.038E-05 -3.831E-06
INSTANCE WITH CRITICAL ELEMENT: QUARTER_PLATE-1
ODB Field Frame Number     22 of    101 requested time points at  1.050000E+00
  7938364  1.100E+00 1.100E+00  00:07:19 1.237E-07         202  4.055E-05 -4.204E-06
INSTANCE WITH CRITICAL ELEMENT: QUARTER_PLATE-1
ODB Field Frame Number     11 of     20 requested intervals at  1.100000E+00
ODB Field Frame Number     23 of    101 requested time points at  1.100000E+00
  8345310  1.150E+00 1.150E+00  00:07:41 1.221E-07         202  4.074E-05 -4.580E-06
INSTANCE WITH CRITICAL ELEMENT: QUARTER_PLATE-1
ODB Field Frame Number     24 of    101 requested time points at  1.150000E+00
  8757586  1.200E+00 1.200E+00  00:08:04 1.205E-07         202  4.338E-05 -4.134E-06
INSTANCE WITH CRITICAL ELEMENT: QUARTER_PLATE-1
ODB Field Frame Number     12 of     20 requested intervals at  1.200000E+00
ODB Field Frame Number     25 of    101 requested time points at  1.200000E+00
  9175271  1.250E+00 1.250E+00  00:08:27 1.189E-07         202  4.126E-05 -4.500E-06
INSTANCE WITH CRITICAL ELEMENT: QUARTER_PLATE-1
ODB Field Frame Number     26 of    101 requested time points at  1.250000E+00
  9598455  1.300E+00 1.300E+00  00:08:50 1.174E-07         202  4.160E-05 -4.817E-06
INSTANCE WITH CRITICAL ELEMENT: QUARTER_PLATE-1
ODB Field Frame Number     13 of     20 requested intervals at  1.300000E+00
ODB Field Frame Number     27 of    101 requested time points at  1.300000E+00
 10027239  1.350E+00 1.350E+00  00:09:14 1.158E-07         202  4.200E-05 -5.184E-06
INSTANCE WITH CRITICAL ELEMENT: QUARTER_PLATE-1
ODB Field Frame Number     28 of    101 requested time points at  1.350000E+00
 10461739  1.400E+00 1.400E+00  00:09:38 1.143E-07         202  4.248E-05 -5.546E-06
INSTANCE WITH CRITICAL ELEMENT: QUARTER_PLATE-1
ODB Field Frame Number     14 of     20 requested intervals at  1.400000E+00
ODB Field Frame Number     29 of    101 requested time points at  1.400000E+00
 10902091  1.450E+00 1.450E+00  00:10:02 1.128E-07         202  4.305E-05 -5.906E-06
INSTANCE WITH CRITICAL ELEMENT: QUARTER_PLATE-1
ODB Field Frame Number     30 of    101 requested time points at  1.450000E+00
 11348453  1.500E+00 1.500E+00  00:10:26 1.113E-07          47  4.373E-05 -6.268E-06
INSTANCE WITH CRITICAL ELEMENT: QUARTER_PLATE-1
ODB Field Frame Number     15 of     20 requested intervals at  1.500000E+00
ODB Field Frame Number     31 of    101 requested time points at  1.500000E+00
 11801012  1.550E+00 1.550E+00  00:10:51 1.097E-07          47  4.456E-05 -6.610E-06
INSTANCE WITH CRITICAL ELEMENT: QUARTER_PLATE-1
ODB Field Frame Number     32 of    101 requested time points at  1.550000E+00
 12259994  1.600E+00 1.600E+00  00:11:16 1.082E-07          47  4.559E-05 -6.533E-06
INSTANCE WITH CRITICAL ELEMENT: QUARTER_PLATE-1
ODB Field Frame Number     16 of     20 requested intervals at  1.600000E+00
ODB Field Frame Number     33 of    101 requested time points at  1.600000E+00
 12725666  1.650E+00 1.650E+00  00:11:41 1.066E-07          47  4.683E-05 -6.901E-06
INSTANCE WITH CRITICAL ELEMENT: QUARTER_PLATE-1
ODB Field Frame Number     34 of    101 requested time points at  1.650000E+00
 13198358  1.700E+00 1.700E+00  00:12:07 1.050E-07          47  4.844E-05 -7.270E-06
INSTANCE WITH CRITICAL ELEMENT: QUARTER_PLATE-1
ODB Field Frame Number     17 of     20 requested intervals at  1.700000E+00
ODB Field Frame Number     35 of    101 requested time points at  1.700000E+00
 13678483  1.750E+00 1.750E+00  00:12:33 1.033E-07          47  5.058E-05 -7.762E-06
INSTANCE WITH CRITICAL ELEMENT: QUARTER_PLATE-1
ODB Field Frame Number     36 of    101 requested time points at  1.750000E+00
 14166582  1.800E+00 1.800E+00  00:13:00 1.016E-07          47  5.351E-05 -8.198E-06
INSTANCE WITH CRITICAL ELEMENT: QUARTER_PLATE-1
ODB Field Frame Number     18 of     20 requested intervals at  1.800000E+00
ODB Field Frame Number     37 of    101 requested time points at  1.800000E+00
 14663379  1.850E+00 1.850E+00  00:13:27 9.971E-08          47  5.786E-05 -8.683E-06
INSTANCE WITH CRITICAL ELEMENT: QUARTER_PLATE-1
ODB Field Frame Number     38 of    101 requested time points at  1.850000E+00
 15169902  1.900E+00 1.900E+00  00:13:54 9.768E-08          47  6.501E-05 -9.264E-06
INSTANCE WITH CRITICAL ELEMENT: QUARTER_PLATE-1
ODB Field Frame Number     19 of     20 requested intervals at  1.900000E+00
ODB Field Frame Number     39 of    101 requested time points at  1.900000E+00
 15687765  1.950E+00 1.950E+00  00:14:22 9.536E-08          47  7.933E-05 -1.011E-05
INSTANCE WITH CRITICAL ELEMENT: QUARTER_PLATE-1
ODB Field Frame Number     40 of    101 requested time points at  1.950000E+00

 STEP 1  ORIGIN 0.0000

              STEP     TOTAL       CPU      STABLE    CRITICAL    KINETIC      TOTAL
INCREMENT     TIME      TIME      TIME   INCREMENT     ELEMENT     ENERGY     ENERGY
 16219738  2.000E+00 2.000E+00  00:14:51 9.259E-08          47  9.103E-05 -1.131E-05
INSTANCE WITH CRITICAL ELEMENT: QUARTER_PLATE-1
Restart Number  1 at 2.0000
ODB Field Frame Number     20 of     20 requested intervals at  2.000000E+00
ODB Field Frame Number     41 of    101 requested time points at  2.000000E+00
  EXPLICIT EXECUTABLE TIME SUMMARY
    USER TIME (SEC)      =   891.30
    SYSTEM TIME (SEC)    =   6.0000
    WALLCLOCK TIME (SEC) =        897

  THE ANALYSIS HAS COMPLETED SUCCESSFULLY

