Analysis initiated from SIMULIA established products
Abaqus JOB Quarter_plate_inbuilt_explicit
Abaqus 2020
Abaqus License Manager checked out the following licenses:
Abaqus/Explicit checked out 5 tokens from Flexnet server Jalaj.
<1019 out of 1024 licenses remain available>.
Begin Analysis Input File Processor
8/1/2021 2:56:30 PM
Run pre.exe
8/1/2021 2:56:33 PM
End Analysis Input File Processor
Begin Abaqus/Explicit Packager
8/1/2021 2:56:33 PM
Run package_dp.exe
8/1/2021 2:56:35 PM
End Abaqus/Explicit Packager
Begin Abaqus/Explicit Analysis
8/1/2021 2:56:35 PM
Run explicit_dp.exe
8/1/2021 3:11:36 PM
End Abaqus/Explicit Analysis
Abaqus JOB Quarter_plate_inbuilt_explicit COMPLETED
