
The double precision Abaqus/Package executable will be used in this analysis.

Abaqus/Explicit 2020                             DATE 01-Aug-2021  TIME 14:45:44
-------------------------------------------------------------------------------
 PREPROCESSOR WARNING MESSAGES
-------------------------------------------------------------------------------


***WARNING: There are 5 warning messages in the data (.dat) file.  Please
            check the data file for possible errors in the input file.


-------------------------------------------------------------------------------
 MODEL INFORMATION (IN GLOBAL X-Y COORDINATES)
-------------------------------------------------------------------------------

   Total mass (unscaled) in model = 7.80000E-09
   Center of mass of model (based on unscaled mass) = ( 5.000000E-01, 5.000000E-01, 5.000000E-01)

    Moments of Inertia :
                 About Center of Mass              About Origin
      I(XX)          3.900000E-09                  7.800000E-09
      I(YY)          3.900000E-09                  7.800000E-09
      I(ZZ)          3.900000E-09                  7.800000E-09
      I(XY)         -4.135903E-25                 -1.950000E-09
      I(YZ)         -4.135903E-25                 -1.950000E-09
      I(ZX)         -4.135903E-25                 -1.950000E-09

-------------------------------------------------------------------------------
 STABLE TIME INCREMENT INFORMATION
-------------------------------------------------------------------------------


  The stable time increment estimate for each element is based on
  linearization about the initial state. The stable time increment estimates
  do not account for mass scaling.


   Initial time increment = 1.13804E-07

   Statistics for all elements:
      Mean = 1.13804E-07
      Standard deviation = 0.0000

   Most critical elements:
    Element number   Rank    Time increment   Increment ratio
   ----------------------------------------------------------
           1          1       1.138042E-07      1.000000E+00


Abaqus/Explicit 2020                             DATE 01-Aug-2021  TIME 14:45:47

The double precision Abaqus/Explicit executable will be used in this analysis.


-------------------------------------------------------------------------------
 SOLUTION PROGRESS
-------------------------------------------------------------------------------

 STEP 1  ORIGIN 0.0000

  Total memory used for step 1 is approximately 294.6 kilobytes.
  Element by element stable time estimation algorithm will be used.
  Scaling factor:  1.0000
  Variable mass scaling factor at zero increment: 1.0000
              STEP     TOTAL       CPU      STABLE    CRITICAL    KINETIC      TOTAL    PERCENT
INCREMENT     TIME      TIME      TIME   INCREMENT     ELEMENT     ENERGY     ENERGY  CHNG MASS
        0  0.000E+00 0.000E+00  00:00:00 5.000E-05           1  8.469E-10  8.469E-10  1.930E+07
ODB Field Frame Number      1 of    101 requested time points at increment zero
    20001  1.000E+00 1.000E+00  00:00:00 5.000E-05           1  1.269E-09 -7.341E-09  1.932E+07
ODB Field Frame Number      2 of    101 requested time points at  1.000033E+00
    40001  2.000E+00 2.000E+00  00:00:01 5.000E-05           1  1.268E-09 -2.136E-08  1.933E+07
ODB Field Frame Number      3 of    101 requested time points at  2.000019E+00
    60001  3.000E+00 3.000E+00  00:00:01 5.000E-05           1  1.267E-09 -3.535E-08  1.934E+07
ODB Field Frame Number      4 of    101 requested time points at  3.000004E+00
    80002  4.000E+00 4.000E+00  00:00:02 5.000E-05           1  1.266E-09 -4.932E-08  1.935E+07
ODB Field Frame Number      5 of    101 requested time points at  4.000040E+00
   100002  5.000E+00 5.000E+00  00:00:02 5.000E-05           1  1.265E-09 -6.326E-08  1.936E+07
ODB Field Frame Number      6 of    101 requested time points at  5.000025E+00
   120002  6.000E+00 6.000E+00  00:00:03 5.000E-05           1  1.264E-09 -7.718E-08  1.937E+07
ODB Field Frame Number      7 of    101 requested time points at  6.000011E+00
   140003  7.000E+00 7.000E+00  00:00:03 5.000E-05           1  1.262E-09 -9.107E-08  1.938E+07
ODB Field Frame Number      8 of    101 requested time points at  7.000046E+00
   160003  8.000E+00 8.000E+00  00:00:04 5.000E-05           1  1.261E-09 -1.049E-07  1.939E+07
ODB Field Frame Number      9 of    101 requested time points at  8.000032E+00
   180003  9.000E+00 9.000E+00  00:00:05 5.000E-05           1  1.260E-09 -1.188E-07  1.941E+07
ODB Field Frame Number     10 of    101 requested time points at  9.000017E+00
   200003  1.000E+01 1.000E+01  00:00:05 5.000E-05           1  1.259E-09 -1.326E-07  1.942E+07
ODB Field Frame Number     11 of    101 requested time points at  1.000000E+01
   220004  1.100E+01 1.100E+01  00:00:06 5.000E-05           1  1.258E-09 -1.464E-07  1.943E+07
ODB Field Frame Number     12 of    101 requested time points at  1.100004E+01
   240004  1.200E+01 1.200E+01  00:00:06 5.000E-05           1  1.257E-09 -1.602E-07  1.944E+07
ODB Field Frame Number     13 of    101 requested time points at  1.200002E+01
   260004  1.300E+01 1.300E+01  00:00:07 5.000E-05           1  1.256E-09 -1.739E-07  1.945E+07
ODB Field Frame Number     14 of    101 requested time points at  1.300001E+01
   280005  1.400E+01 1.400E+01  00:00:07 5.000E-05           1  1.255E-09 -1.876E-07  1.946E+07
ODB Field Frame Number     15 of    101 requested time points at  1.400004E+01
   300005  1.500E+01 1.500E+01  00:00:08 5.000E-05           1  1.254E-09 -2.013E-07  1.947E+07
ODB Field Frame Number     16 of    101 requested time points at  1.500003E+01
   320005  1.600E+01 1.600E+01  00:00:08 5.000E-05           1  1.253E-09 -2.150E-07  1.949E+07
ODB Field Frame Number     17 of    101 requested time points at  1.600001E+01
   340006  1.700E+01 1.700E+01  00:00:09 5.000E-05           1  1.252E-09 -2.286E-07  1.950E+07
ODB Field Frame Number     18 of    101 requested time points at  1.700005E+01
   360006  1.800E+01 1.800E+01  00:00:10 5.000E-05           1  1.251E-09 -2.423E-07  1.951E+07
ODB Field Frame Number     19 of    101 requested time points at  1.800003E+01
   380006  1.900E+01 1.900E+01  00:00:10 5.000E-05           1  1.250E-09 -2.559E-07  1.952E+07
ODB Field Frame Number     20 of    101 requested time points at  1.900002E+01
   400006  2.000E+01 2.000E+01  00:00:11 5.000E-05           1  1.249E-09 -2.694E-07  1.953E+07
ODB Field Frame Number     21 of    101 requested time points at  2.000000E+01
   420007  2.100E+01 2.100E+01  00:00:11 5.000E-05           1  1.248E-09 -2.830E-07  1.955E+07
ODB Field Frame Number     22 of    101 requested time points at  2.100004E+01
   440007  2.200E+01 2.200E+01  00:00:12 5.000E-05           1  1.247E-09 -2.965E-07  1.956E+07
ODB Field Frame Number     23 of    101 requested time points at  2.200002E+01
   460007  2.300E+01 2.300E+01  00:00:12 5.000E-05           1  1.246E-09 -3.100E-07  1.957E+07
ODB Field Frame Number     24 of    101 requested time points at  2.300001E+01
   480008  2.400E+01 2.400E+01  00:00:13 5.000E-05           1  1.245E-09 -3.235E-07  1.958E+07
ODB Field Frame Number     25 of    101 requested time points at  2.400004E+01
   500008  2.500E+01 2.500E+01  00:00:13 5.000E-05           1  1.244E-09 -3.369E-07  1.959E+07
ODB Field Frame Number     26 of    101 requested time points at  2.500003E+01
   520008  2.600E+01 2.600E+01  00:00:14 5.000E-05           1  1.243E-09 -3.504E-07  1.960E+07
ODB Field Frame Number     27 of    101 requested time points at  2.600001E+01
   540009  2.700E+01 2.700E+01  00:00:15 5.000E-05           1  1.243E-09 -3.638E-07  1.962E+07
ODB Field Frame Number     28 of    101 requested time points at  2.700005E+01
   560009  2.800E+01 2.800E+01  00:00:15 5.000E-05           1  1.242E-09 -3.772E-07  1.963E+07
ODB Field Frame Number     29 of    101 requested time points at  2.800003E+01
   580009  2.900E+01 2.900E+01  00:00:16 5.000E-05           1  1.241E-09 -3.905E-07  1.964E+07
ODB Field Frame Number     30 of    101 requested time points at  2.900002E+01
   600009  3.000E+01 3.000E+01  00:00:16 5.000E-05           1  1.240E-09 -4.039E-07  1.965E+07
ODB Field Frame Number     31 of    101 requested time points at  3.000000E+01
   620010  3.100E+01 3.100E+01  00:00:17 5.000E-05           1  1.239E-09 -4.172E-07  1.966E+07
ODB Field Frame Number     32 of    101 requested time points at  3.100004E+01
   640010  3.200E+01 3.200E+01  00:00:17 5.000E-05           1  1.238E-09 -4.305E-07  1.968E+07
ODB Field Frame Number     33 of    101 requested time points at  3.200002E+01
   660010  3.300E+01 3.300E+01  00:00:18 5.000E-05           1  1.237E-09 -4.437E-07  1.969E+07
ODB Field Frame Number     34 of    101 requested time points at  3.300001E+01
   680011  3.400E+01 3.400E+01  00:00:19 5.000E-05           1  1.237E-09 -4.570E-07  1.970E+07
ODB Field Frame Number     35 of    101 requested time points at  3.400004E+01
   700011  3.500E+01 3.500E+01  00:00:19 5.000E-05           1  1.236E-09 -4.702E-07  1.971E+07
ODB Field Frame Number     36 of    101 requested time points at  3.500002E+01
   720011  3.600E+01 3.600E+01  00:00:20 5.000E-05           1  1.235E-09 -4.834E-07  1.973E+07
ODB Field Frame Number     37 of    101 requested time points at  3.600001E+01
   740012  3.700E+01 3.700E+01  00:00:20 5.000E-05           1  1.234E-09 -4.966E-07  1.974E+07
ODB Field Frame Number     38 of    101 requested time points at  3.700004E+01
   760012  3.800E+01 3.800E+01  00:00:21 5.000E-05           1  1.233E-09 -5.097E-07  1.975E+07
ODB Field Frame Number     39 of    101 requested time points at  3.800003E+01
   780012  3.900E+01 3.900E+01  00:00:21 5.000E-05           1  1.233E-09 -5.228E-07  1.976E+07
ODB Field Frame Number     40 of    101 requested time points at  3.900001E+01

 STEP 1  ORIGIN 0.0000

              STEP     TOTAL       CPU      STABLE    CRITICAL    KINETIC      TOTAL    PERCENT
INCREMENT     TIME      TIME      TIME   INCREMENT     ELEMENT     ENERGY     ENERGY  CHNG MASS
   800013  4.000E+01 4.000E+01  00:00:22 5.000E-05           1  1.232E-09 -5.359E-07  1.977E+07
ODB Field Frame Number     41 of    101 requested time points at  4.000005E+01
   820013  4.100E+01 4.100E+01  00:00:22 5.000E-05           1  1.231E-09 -5.490E-07  1.979E+07
ODB Field Frame Number     42 of    101 requested time points at  4.100003E+01
   840013  4.200E+01 4.200E+01  00:00:23 5.000E-05           1  1.230E-09 -5.621E-07  1.980E+07
ODB Field Frame Number     43 of    101 requested time points at  4.200002E+01
   860014  4.300E+01 4.300E+01  00:00:24 5.000E-05           1  1.229E-09 -5.751E-07  1.981E+07
ODB Field Frame Number     44 of    101 requested time points at  4.300005E+01
   880014  4.400E+01 4.400E+01  00:00:24 5.000E-05           1  1.229E-09 -5.881E-07  1.982E+07
ODB Field Frame Number     45 of    101 requested time points at  4.400003E+01
   900014  4.500E+01 4.500E+01  00:00:25 5.000E-05           1  1.228E-09 -6.011E-07  1.984E+07
ODB Field Frame Number     46 of    101 requested time points at  4.500002E+01
   920014  4.600E+01 4.600E+01  00:00:25 5.000E-05           1  1.227E-09 -6.141E-07  1.985E+07
ODB Field Frame Number     47 of    101 requested time points at  4.600000E+01
   940015  4.700E+01 4.700E+01  00:00:26 5.000E-05           1  1.227E-09 -6.270E-07  1.986E+07
ODB Field Frame Number     48 of    101 requested time points at  4.700004E+01
   960015  4.800E+01 4.800E+01  00:00:26 5.000E-05           1  1.226E-09 -6.399E-07  1.987E+07
ODB Field Frame Number     49 of    101 requested time points at  4.800002E+01
   980015  4.900E+01 4.900E+01  00:00:27 5.000E-05           1  1.225E-09 -6.528E-07  1.989E+07
ODB Field Frame Number     50 of    101 requested time points at  4.900000E+01
  1000016  5.000E+01 5.000E+01  00:00:28 5.000E-05           1  1.224E-09 -6.657E-07  1.990E+07
ODB Field Frame Number     51 of    101 requested time points at  5.000004E+01
  1020016  5.100E+01 5.100E+01  00:00:28 5.000E-05           1  1.224E-09 -6.786E-07  1.991E+07
ODB Field Frame Number     52 of    101 requested time points at  5.100002E+01
  1040016  5.200E+01 5.200E+01  00:00:29 5.000E-05           1  1.223E-09 -6.914E-07  1.993E+07
ODB Field Frame Number     53 of    101 requested time points at  5.200001E+01
  1060017  5.300E+01 5.300E+01  00:00:29 5.000E-05           1  1.222E-09 -7.042E-07  1.994E+07
ODB Field Frame Number     54 of    101 requested time points at  5.300004E+01
  1080017  5.400E+01 5.400E+01  00:00:30 5.000E-05           1  1.222E-09 -7.170E-07  1.995E+07
ODB Field Frame Number     55 of    101 requested time points at  5.400002E+01
  1100017  5.500E+01 5.500E+01  00:00:30 5.000E-05           1  1.221E-09 -7.298E-07  1.996E+07
ODB Field Frame Number     56 of    101 requested time points at  5.500001E+01
  1120018  5.600E+01 5.600E+01  00:00:31 5.000E-05           1  1.220E-09 -7.425E-07  1.998E+07
ODB Field Frame Number     57 of    101 requested time points at  5.600004E+01
  1140018  5.700E+01 5.700E+01  00:00:31 5.000E-05           1  1.220E-09 -7.552E-07  1.999E+07
ODB Field Frame Number     58 of    101 requested time points at  5.700003E+01
  1160018  5.800E+01 5.800E+01  00:00:32 5.000E-05           1  1.219E-09 -7.679E-07  2.000E+07
ODB Field Frame Number     59 of    101 requested time points at  5.800001E+01
  1180019  5.900E+01 5.900E+01  00:00:33 5.000E-05           1  1.219E-09 -7.806E-07  2.002E+07
ODB Field Frame Number     60 of    101 requested time points at  5.900004E+01
  1200019  6.000E+01 6.000E+01  00:00:33 5.000E-05           1  1.218E-09 -7.933E-07  2.003E+07
ODB Field Frame Number     61 of    101 requested time points at  6.000003E+01
  1220019  6.100E+01 6.100E+01  00:00:34 5.000E-05           1  1.217E-09 -8.059E-07  2.004E+07
ODB Field Frame Number     62 of    101 requested time points at  6.100001E+01
  1240020  6.200E+01 6.200E+01  00:00:34 5.000E-05           1  1.217E-09 -8.185E-07  2.005E+07
ODB Field Frame Number     63 of    101 requested time points at  6.200005E+01
  1260020  6.300E+01 6.300E+01  00:00:35 5.000E-05           1  1.216E-09 -8.311E-07  2.007E+07
ODB Field Frame Number     64 of    101 requested time points at  6.300003E+01
  1280020  6.400E+01 6.400E+01  00:00:35 5.000E-05           1  1.216E-09 -8.437E-07  2.008E+07
ODB Field Frame Number     65 of    101 requested time points at  6.400001E+01
  1300021  6.500E+01 6.500E+01  00:00:36 5.000E-05           1  1.215E-09 -8.562E-07  2.009E+07
ODB Field Frame Number     66 of    101 requested time points at  6.500005E+01
  1320021  6.600E+01 6.600E+01  00:00:37 5.000E-05           1  1.214E-09 -8.688E-07  2.011E+07
ODB Field Frame Number     67 of    101 requested time points at  6.600003E+01
  1340021  6.700E+01 6.700E+01  00:00:37 5.000E-05           1  1.214E-09 -8.813E-07  2.012E+07
ODB Field Frame Number     68 of    101 requested time points at  6.700001E+01
  1360022  6.800E+01 6.800E+01  00:00:38 5.000E-05           1  1.213E-09 -8.938E-07  2.013E+07
ODB Field Frame Number     69 of    101 requested time points at  6.800005E+01
  1380022  6.900E+01 6.900E+01  00:00:38 5.000E-05           1  1.213E-09 -9.062E-07  2.015E+07
ODB Field Frame Number     70 of    101 requested time points at  6.900003E+01
  1400022  7.000E+01 7.000E+01  00:00:39 5.000E-05           1  1.212E-09 -9.187E-07  2.016E+07
ODB Field Frame Number     71 of    101 requested time points at  7.000002E+01
  1420023  7.100E+01 7.100E+01  00:00:39 5.000E-05           1  1.212E-09 -9.311E-07  2.017E+07
ODB Field Frame Number     72 of    101 requested time points at  7.100005E+01
  1440023  7.200E+01 7.200E+01  00:00:40 5.000E-05           1  1.211E-09 -9.435E-07  2.019E+07
ODB Field Frame Number     73 of    101 requested time points at  7.200003E+01
  1460023  7.300E+01 7.300E+01  00:00:40 5.000E-05           1  1.211E-09 -9.559E-07  2.020E+07
ODB Field Frame Number     74 of    101 requested time points at  7.300002E+01
  1480023  7.400E+01 7.400E+01  00:00:41 5.000E-05           1  1.210E-09 -9.682E-07  2.021E+07
ODB Field Frame Number     75 of    101 requested time points at  7.400000E+01
  1500024  7.500E+01 7.500E+01  00:00:42 5.000E-05           1  1.210E-09 -9.806E-07  2.022E+07
ODB Field Frame Number     76 of    101 requested time points at  7.500003E+01
  1520024  7.600E+01 7.600E+01  00:00:42 5.000E-05           1  1.209E-09 -9.929E-07  2.024E+07
ODB Field Frame Number     77 of    101 requested time points at  7.600002E+01
  1540024  7.700E+01 7.700E+01  00:00:43 5.000E-05           1  1.209E-09 -1.005E-06  2.025E+07
ODB Field Frame Number     78 of    101 requested time points at  7.700000E+01
  1560025  7.800E+01 7.800E+01  00:00:43 5.000E-05           1  1.208E-09 -1.017E-06  2.026E+07
ODB Field Frame Number     79 of    101 requested time points at  7.800003E+01
  1580025  7.900E+01 7.900E+01  00:00:44 5.000E-05           1  1.208E-09 -1.030E-06  2.028E+07
ODB Field Frame Number     80 of    101 requested time points at  7.900002E+01

 STEP 1  ORIGIN 0.0000

              STEP     TOTAL       CPU      STABLE    CRITICAL    KINETIC      TOTAL    PERCENT
INCREMENT     TIME      TIME      TIME   INCREMENT     ELEMENT     ENERGY     ENERGY  CHNG MASS
  1600025  8.000E+01 8.000E+01  00:00:44 5.000E-05           1  1.207E-09 -1.042E-06  2.029E+07
ODB Field Frame Number     81 of    101 requested time points at  8.000000E+01
  1620026  8.100E+01 8.100E+01  00:00:45 5.000E-05           1  1.207E-09 -1.054E-06  2.031E+07
ODB Field Frame Number     82 of    101 requested time points at  8.100003E+01
  1640026  8.200E+01 8.200E+01  00:00:46 5.000E-05           1  1.206E-09 -1.066E-06  2.032E+07
ODB Field Frame Number     83 of    101 requested time points at  8.200002E+01
  1660026  8.300E+01 8.300E+01  00:00:46 5.000E-05           1  1.206E-09 -1.078E-06  2.033E+07
ODB Field Frame Number     84 of    101 requested time points at  8.300000E+01
  1680027  8.400E+01 8.400E+01  00:00:47 5.000E-05           1  1.205E-09 -1.091E-06  2.035E+07
ODB Field Frame Number     85 of    101 requested time points at  8.400004E+01
  1700027  8.500E+01 8.500E+01  00:00:47 5.000E-05           1  1.205E-09 -1.103E-06  2.036E+07
ODB Field Frame Number     86 of    101 requested time points at  8.500002E+01
  1720027  8.600E+01 8.600E+01  00:00:48 5.000E-05           1  1.204E-09 -1.115E-06  2.037E+07
ODB Field Frame Number     87 of    101 requested time points at  8.600000E+01
  1740028  8.700E+01 8.700E+01  00:00:48 5.000E-05           1  1.204E-09 -1.127E-06  2.039E+07
ODB Field Frame Number     88 of    101 requested time points at  8.700004E+01
  1760028  8.800E+01 8.800E+01  00:00:49 5.000E-05           1  1.203E-09 -1.139E-06  2.040E+07
ODB Field Frame Number     89 of    101 requested time points at  8.800002E+01
  1780028  8.900E+01 8.900E+01  00:00:50 5.000E-05           1  1.203E-09 -1.151E-06  2.041E+07
ODB Field Frame Number     90 of    101 requested time points at  8.900000E+01
  1800029  9.000E+01 9.000E+01  00:00:50 5.000E-05           1  1.203E-09 -1.163E-06  2.043E+07
ODB Field Frame Number     91 of    101 requested time points at  9.000004E+01
  1820029  9.100E+01 9.100E+01  00:00:51 5.000E-05           1  1.202E-09 -1.175E-06  2.044E+07
ODB Field Frame Number     92 of    101 requested time points at  9.100002E+01
  1840029  9.200E+01 9.200E+01  00:00:51 5.000E-05           1  1.202E-09 -1.187E-06  2.045E+07
ODB Field Frame Number     93 of    101 requested time points at  9.200000E+01
  1860030  9.300E+01 9.300E+01  00:00:52 5.000E-05           1  1.201E-09 -1.199E-06  2.047E+07
ODB Field Frame Number     94 of    101 requested time points at  9.300003E+01
  1880030  9.400E+01 9.400E+01  00:00:52 5.000E-05           1  1.201E-09 -1.211E-06  2.048E+07
ODB Field Frame Number     95 of    101 requested time points at  9.400002E+01
  1900030  9.500E+01 9.500E+01  00:00:53 5.000E-05           1  1.201E-09 -1.223E-06  2.050E+07
ODB Field Frame Number     96 of    101 requested time points at  9.500000E+01
  1920031  9.600E+01 9.600E+01  00:00:53 5.000E-05           1  1.200E-09 -1.235E-06  2.051E+07
ODB Field Frame Number     97 of    101 requested time points at  9.600003E+01
  1940031  9.700E+01 9.700E+01  00:00:54 5.000E-05           1  1.200E-09 -1.247E-06  2.052E+07
ODB Field Frame Number     98 of    101 requested time points at  9.700002E+01
  1960031  9.800E+01 9.800E+01  00:00:55 5.000E-05           1  1.200E-09 -1.259E-06  2.054E+07
ODB Field Frame Number     99 of    101 requested time points at  9.800000E+01
  1980032  9.900E+01 9.900E+01  00:00:55 5.000E-05           1  1.199E-09 -1.270E-06  2.055E+07
ODB Field Frame Number    100 of    101 requested time points at  9.900003E+01
  2000032  1.000E+02 1.000E+02  00:00:56 5.000E-05           1  1.199E-09 -1.282E-06  2.057E+07
Restart Number  1 at 100.00
ODB Field Frame Number    101 of    101 requested time points at  1.000000E+02
  EXPLICIT EXECUTABLE TIME SUMMARY
    USER TIME (SEC)      =   56.100
    SYSTEM TIME (SEC)    =   1.2000
    WALLCLOCK TIME (SEC) =         58

  THE ANALYSIS HAS COMPLETED SUCCESSFULLY

